{"/Users/sidz/Desktop/Ngich-ngom/graphql-example/models/category.ts": {"path":"/Users/sidz/Desktop/Ngich-ngom/graphql-example/models/category.ts","statementMap":{"0":{"start":{"line":1,"column":0},"end":{"line":1,"column":40}},"1":{"start":{"line":8,"column":31},"end":{"line":11,"column":2}},"2":{"start":{"line":14,"column":0},"end":{"line":14,"column":null}}},"fnMap":{},"branchMap":{},"s":{"0":1,"1":1,"2":1},"f":{},"b":{}}
,"/Users/sidz/Desktop/Ngich-ngom/graphql-example/models/db.ts": {"path":"/Users/sidz/Desktop/Ngich-ngom/graphql-example/models/db.ts","statementMap":{"0":{"start":{"line":1,"column":0},"end":{"line":1,"column":31}},"1":{"start":{"line":3,"column":16},"end":{"line":17,"column":1}},"2":{"start":{"line":4,"column":22},"end":{"line":4,"column":49}},"3":{"start":{"line":6,"column":4},"end":{"line":8,"column":null}},"4":{"start":{"line":7,"column":8},"end":{"line":7,"column":null}},"5":{"start":{"line":10,"column":4},"end":{"line":16,"column":null}},"6":{"start":{"line":11,"column":8},"end":{"line":11,"column":null}},"7":{"start":{"line":13,"column":8},"end":{"line":13,"column":null}},"8":{"start":{"line":14,"column":8},"end":{"line":14,"column":null}},"9":{"start":{"line":15,"column":8},"end":{"line":15,"column":null}},"10":{"start":{"line":19,"column":0},"end":{"line":21,"column":null}}},"fnMap":{"0":{"name":"(anonymous_1)","decl":{"start":{"line":3,"column":16},"end":{"line":3,"column":25}},"loc":{"start":{"line":3,"column":27},"end":{"line":17,"column":1}}},"1":{"name":"(anonymous_2)","decl":{"start":{"line":10,"column":31},"end":{"line":10,"column":34}},"loc":{"start":{"line":10,"column":36},"end":{"line":12,"column":5}}},"2":{"name":"(anonymous_3)","decl":{"start":{"line":12,"column":13},"end":{"line":12,"column":14}},"loc":{"start":{"line":12,"column":23},"end":{"line":16,"column":5}}}},"branchMap":{"0":{"loc":{"start":{"line":4,"column":22},"end":{"line":4,"column":49}},"type":"binary-expr","locations":[{"start":{"line":4,"column":22},"end":{"line":4,"column":43}},{"start":{"line":4,"column":47},"end":{"line":4,"column":49}}]},"1":{"loc":{"start":{"line":6,"column":4},"end":{"line":8,"column":null}},"type":"if","locations":[{"start":{"line":6,"column":4},"end":{"line":8,"column":null}}]}},"s":{"0":1,"1":1,"2":2,"3":2,"4":0,"5":2,"6":2,"7":0,"8":0,"9":0,"10":1},"f":{"0":2,"1":2,"2":0},"b":{"0":[2,0],"1":[0]}}
,"/Users/sidz/Desktop/Ngich-ngom/graphql-example/models/news.ts": {"path":"/Users/sidz/Desktop/Ngich-ngom/graphql-example/models/news.ts","statementMap":{"0":{"start":{"line":1,"column":0},"end":{"line":1,"column":40}},"1":{"start":{"line":13,"column":27},"end":{"line":36,"column":null}},"2":{"start":{"line":39,"column":0},"end":{"line":39,"column":null}},"3":{"start":{"line":41,"column":0},"end":{"line":56,"column":null}},"4":{"start":{"line":59,"column":0},"end":{"line":59,"column":null}}},"fnMap":{},"branchMap":{},"s":{"0":1,"1":1,"2":1,"3":1,"4":1},"f":{},"b":{}}
,"/Users/sidz/Desktop/Ngich-ngom/graphql-example/models/user.ts": {"path":"/Users/sidz/Desktop/Ngich-ngom/graphql-example/models/user.ts","statementMap":{"0":{"start":{"line":1,"column":0},"end":{"line":1,"column":40}},"1":{"start":{"line":10,"column":27},"end":{"line":15,"column":2}},"2":{"start":{"line":18,"column":0},"end":{"line":18,"column":null}}},"fnMap":{},"branchMap":{},"s":{"0":1,"1":1,"2":1},"f":{},"b":{}}
,"/Users/sidz/Desktop/Ngich-ngom/graphql-example/resolvers/category.ts": {"path":"/Users/sidz/Desktop/Ngich-ngom/graphql-example/resolvers/category.ts","statementMap":{"0":{"start":{"line":1,"column":0},"end":{"line":1,"column":41}},"1":{"start":{"line":2,"column":0},"end":{"line":2,"column":44}},"2":{"start":{"line":7,"column":17},"end":{"line":46,"column":null}},"3":{"start":{"line":9,"column":44},"end":{"line":17,"column":null}},"4":{"start":{"line":10,"column":3},"end":{"line":16,"column":null}},"5":{"start":{"line":11,"column":35},"end":{"line":11,"column":63}},"6":{"start":{"line":13,"column":4},"end":{"line":13,"column":null}},"7":{"start":{"line":15,"column":4},"end":{"line":15,"column":null}},"8":{"start":{"line":30,"column":6},"end":{"line":44,"column":null}},"9":{"start":{"line":31,"column":3},"end":{"line":43,"column":null}},"10":{"start":{"line":32,"column":4},"end":{"line":34,"column":null}},"11":{"start":{"line":33,"column":5},"end":{"line":33,"column":null}},"12":{"start":{"line":36,"column":19},"end":{"line":37,"column":null}},"13":{"start":{"line":40,"column":4},"end":{"line":40,"column":null}},"14":{"start":{"line":42,"column":4},"end":{"line":42,"column":null}},"15":{"start":{"line":49,"column":0},"end":{"line":49,"column":null}}},"fnMap":{"0":{"name":"(anonymous_8)","decl":{"start":{"line":9,"column":17},"end":{"line":9,"column":24}},"loc":{"start":{"line":9,"column":44},"end":{"line":17,"column":null}}},"1":{"name":"(anonymous_9)","decl":{"start":{"line":9,"column":44},"end":{"line":9,"column":null}},"loc":{"start":{"line":9,"column":44},"end":{"line":17,"column":3}}},"2":{"name":"(anonymous_10)","decl":{"start":{"line":20,"column":18},"end":{"line":20,"column":null}},"loc":{"start":{"line":30,"column":6},"end":{"line":44,"column":null}}},"3":{"name":"(anonymous_11)","decl":{"start":{"line":30,"column":6},"end":{"line":30,"column":null}},"loc":{"start":{"line":30,"column":6},"end":{"line":44,"column":3}}}},"branchMap":{"0":{"loc":{"start":{"line":32,"column":4},"end":{"line":34,"column":null}},"type":"if","locations":[{"start":{"line":32,"column":4},"end":{"line":34,"column":null}}]},"1":{"loc":{"start":{"line":32,"column":8},"end":{"line":32,"column":51}},"type":"binary-expr","locations":[{"start":{"line":32,"column":8},"end":{"line":32,"column":16}},{"start":{"line":32,"column":20},"end":{"line":32,"column":51}}]},"2":{"loc":{"start":{"line":32,"column":21},"end":{"line":32,"column":49}},"type":"cond-expr","locations":[{"start":{"line":32,"column":30},"end":{"line":32,"column":32}},{"start":{"line":32,"column":30},"end":{"line":32,"column":49}}]},"3":{"loc":{"start":{"line":32,"column":21},"end":{"line":32,"column":32}},"type":"binary-expr","locations":[{"start":{"line":32,"column":21},"end":{"line":32,"column":32}},{"start":{"line":32,"column":30},"end":{"line":32,"column":32}}]}},"s":{"0":1,"1":1,"2":1,"3":1,"4":1,"5":1,"6":1,"7":0,"8":0,"9":0,"10":0,"11":0,"12":0,"13":0,"14":0,"15":1},"f":{"0":1,"1":1,"2":0,"3":0},"b":{"0":[0],"1":[0,0],"2":[0,0],"3":[0,0]}}
,"/Users/sidz/Desktop/Ngich-ngom/graphql-example/resolvers/index.ts": {"path":"/Users/sidz/Desktop/Ngich-ngom/graphql-example/resolvers/index.ts","statementMap":{"0":{"start":{"line":1,"column":0},"end":{"line":1,"column":25}},"1":{"start":{"line":2,"column":0},"end":{"line":2,"column":25}},"2":{"start":{"line":3,"column":0},"end":{"line":3,"column":33}},"3":{"start":{"line":5,"column":18},"end":{"line":17,"column":null}},"4":{"start":{"line":19,"column":0},"end":{"line":19,"column":null}}},"fnMap":{},"branchMap":{},"s":{"0":1,"1":1,"2":1,"3":1,"4":1},"f":{},"b":{}}
,"/Users/sidz/Desktop/Ngich-ngom/graphql-example/resolvers/news.ts": {"path":"/Users/sidz/Desktop/Ngich-ngom/graphql-example/resolvers/news.ts","statementMap":{"0":{"start":{"line":1,"column":0},"end":{"line":1,"column":33}},"1":{"start":{"line":2,"column":0},"end":{"line":2,"column":44}},"2":{"start":{"line":8,"column":17},"end":{"line":179,"column":null}},"3":{"start":{"line":18,"column":6},"end":{"line":47,"column":null}},"4":{"start":{"line":19,"column":3},"end":{"line":46,"column":null}},"5":{"start":{"line":27,"column":25},"end":{"line":29,"column":null}},"6":{"start":{"line":31,"column":4},"end":{"line":35,"column":null}},"7":{"start":{"line":32,"column":5},"end":{"line":34,"column":null}},"8":{"start":{"line":37,"column":17},"end":{"line":41,"column":12}},"9":{"start":{"line":43,"column":4},"end":{"line":43,"column":null}},"10":{"start":{"line":45,"column":4},"end":{"line":45,"column":null}},"11":{"start":{"line":49,"column":57},"end":{"line":61,"column":null}},"12":{"start":{"line":50,"column":3},"end":{"line":60,"column":null}},"13":{"start":{"line":51,"column":17},"end":{"line":55,"column":12}},"14":{"start":{"line":57,"column":4},"end":{"line":57,"column":null}},"15":{"start":{"line":59,"column":4},"end":{"line":59,"column":null}},"16":{"start":{"line":63,"column":62},"end":{"line":75,"column":null}},"17":{"start":{"line":64,"column":3},"end":{"line":74,"column":null}},"18":{"start":{"line":65,"column":4},"end":{"line":67,"column":null}},"19":{"start":{"line":66,"column":5},"end":{"line":66,"column":null}},"20":{"start":{"line":69,"column":17},"end":{"line":69,"column":63}},"21":{"start":{"line":71,"column":4},"end":{"line":71,"column":null}},"22":{"start":{"line":73,"column":4},"end":{"line":73,"column":null}},"23":{"start":{"line":91,"column":6},"end":{"line":108,"column":null}},"24":{"start":{"line":92,"column":3},"end":{"line":107,"column":null}},"25":{"start":{"line":93,"column":4},"end":{"line":95,"column":null}},"26":{"start":{"line":94,"column":5},"end":{"line":94,"column":null}},"27":{"start":{"line":97,"column":19},"end":{"line":100,"column":null}},"28":{"start":{"line":103,"column":4},"end":{"line":103,"column":null}},"29":{"start":{"line":106,"column":4},"end":{"line":106,"column":null}},"30":{"start":{"line":124,"column":6},"end":{"line":146,"column":null}},"31":{"start":{"line":125,"column":3},"end":{"line":145,"column":null}},"32":{"start":{"line":126,"column":4},"end":{"line":128,"column":null}},"33":{"start":{"line":127,"column":5},"end":{"line":127,"column":null}},"34":{"start":{"line":130,"column":19},"end":{"line":134,"column":null}},"35":{"start":{"line":137,"column":4},"end":{"line":141,"column":null}},"36":{"start":{"line":138,"column":5},"end":{"line":138,"column":null}},"37":{"start":{"line":140,"column":5},"end":{"line":140,"column":null}},"38":{"start":{"line":144,"column":4},"end":{"line":144,"column":null}},"39":{"start":{"line":153,"column":6},"end":{"line":177,"column":null}},"40":{"start":{"line":154,"column":3},"end":{"line":176,"column":null}},"41":{"start":{"line":155,"column":4},"end":{"line":157,"column":null}},"42":{"start":{"line":156,"column":5},"end":{"line":156,"column":null}},"43":{"start":{"line":159,"column":19},"end":{"line":166,"column":null}},"44":{"start":{"line":169,"column":4},"end":{"line":173,"column":null}},"45":{"start":{"line":170,"column":5},"end":{"line":170,"column":null}},"46":{"start":{"line":172,"column":5},"end":{"line":172,"column":null}},"47":{"start":{"line":175,"column":4},"end":{"line":175,"column":null}},"48":{"start":{"line":182,"column":0},"end":{"line":182,"column":null}}},"fnMap":{"0":{"name":"(anonymous_8)","decl":{"start":{"line":10,"column":11},"end":{"line":10,"column":null}},"loc":{"start":{"line":18,"column":6},"end":{"line":47,"column":null}}},"1":{"name":"(anonymous_9)","decl":{"start":{"line":18,"column":6},"end":{"line":18,"column":null}},"loc":{"start":{"line":18,"column":6},"end":{"line":47,"column":3}}},"2":{"name":"(anonymous_10)","decl":{"start":{"line":49,"column":17},"end":{"line":49,"column":24}},"loc":{"start":{"line":49,"column":57},"end":{"line":61,"column":null}}},"3":{"name":"(anonymous_11)","decl":{"start":{"line":49,"column":57},"end":{"line":49,"column":null}},"loc":{"start":{"line":49,"column":57},"end":{"line":61,"column":3}}},"4":{"name":"(anonymous_12)","decl":{"start":{"line":63,"column":20},"end":{"line":63,"column":27}},"loc":{"start":{"line":63,"column":62},"end":{"line":75,"column":null}}},"5":{"name":"(anonymous_13)","decl":{"start":{"line":63,"column":62},"end":{"line":63,"column":null}},"loc":{"start":{"line":63,"column":62},"end":{"line":75,"column":3}}},"6":{"name":"(anonymous_14)","decl":{"start":{"line":78,"column":14},"end":{"line":78,"column":null}},"loc":{"start":{"line":91,"column":6},"end":{"line":108,"column":null}}},"7":{"name":"(anonymous_15)","decl":{"start":{"line":91,"column":6},"end":{"line":91,"column":null}},"loc":{"start":{"line":91,"column":6},"end":{"line":108,"column":3}}},"8":{"name":"(anonymous_16)","decl":{"start":{"line":110,"column":14},"end":{"line":110,"column":null}},"loc":{"start":{"line":124,"column":6},"end":{"line":146,"column":null}}},"9":{"name":"(anonymous_17)","decl":{"start":{"line":124,"column":6},"end":{"line":124,"column":null}},"loc":{"start":{"line":124,"column":6},"end":{"line":146,"column":3}}},"10":{"name":"(anonymous_18)","decl":{"start":{"line":148,"column":14},"end":{"line":148,"column":null}},"loc":{"start":{"line":153,"column":6},"end":{"line":177,"column":null}}},"11":{"name":"(anonymous_19)","decl":{"start":{"line":153,"column":6},"end":{"line":153,"column":null}},"loc":{"start":{"line":153,"column":6},"end":{"line":177,"column":3}}}},"branchMap":{"0":{"loc":{"start":{"line":31,"column":4},"end":{"line":35,"column":null}},"type":"if","locations":[{"start":{"line":31,"column":4},"end":{"line":35,"column":null}}]},"1":{"loc":{"start":{"line":65,"column":4},"end":{"line":67,"column":null}},"type":"if","locations":[{"start":{"line":65,"column":4},"end":{"line":67,"column":null}}]},"2":{"loc":{"start":{"line":93,"column":4},"end":{"line":95,"column":null}},"type":"if","locations":[{"start":{"line":93,"column":4},"end":{"line":95,"column":null}}]},"3":{"loc":{"start":{"line":126,"column":4},"end":{"line":128,"column":null}},"type":"if","locations":[{"start":{"line":126,"column":4},"end":{"line":128,"column":null}}]},"4":{"loc":{"start":{"line":137,"column":4},"end":{"line":141,"column":null}},"type":"if","locations":[{"start":{"line":137,"column":4},"end":{"line":141,"column":null}},{"start":{"line":139,"column":11},"end":{"line":141,"column":null}}]},"5":{"loc":{"start":{"line":155,"column":4},"end":{"line":157,"column":null}},"type":"if","locations":[{"start":{"line":155,"column":4},"end":{"line":157,"column":null}}]},"6":{"loc":{"start":{"line":169,"column":4},"end":{"line":173,"column":null}},"type":"if","locations":[{"start":{"line":169,"column":4},"end":{"line":173,"column":null}},{"start":{"line":171,"column":11},"end":{"line":173,"column":null}}]}},"s":{"0":1,"1":1,"2":1,"3":1,"4":1,"5":1,"6":1,"7":1,"8":1,"9":1,"10":0,"11":1,"12":1,"13":1,"14":1,"15":0,"16":2,"17":2,"18":2,"19":1,"20":1,"21":1,"22":1,"23":2,"24":2,"25":2,"26":1,"27":1,"28":1,"29":1,"30":2,"31":2,"32":2,"33":1,"34":1,"35":1,"36":1,"37":0,"38":1,"39":2,"40":2,"41":2,"42":1,"43":1,"44":1,"45":1,"46":0,"47":1,"48":1},"f":{"0":1,"1":1,"2":1,"3":1,"4":2,"5":2,"6":2,"7":2,"8":2,"9":2,"10":2,"11":2},"b":{"0":[1],"1":[1],"2":[1],"3":[1],"4":[1,0],"5":[1],"6":[1,0]}}
,"/Users/sidz/Desktop/Ngich-ngom/graphql-example/resolvers/user.ts": {"path":"/Users/sidz/Desktop/Ngich-ngom/graphql-example/resolvers/user.ts","statementMap":{"0":{"start":{"line":1,"column":0},"end":{"line":1,"column":33}},"1":{"start":{"line":2,"column":0},"end":{"line":2,"column":44}},"2":{"start":{"line":3,"column":0},"end":{"line":3,"column":35}},"3":{"start":{"line":9,"column":17},"end":{"line":63,"column":null}},"4":{"start":{"line":11,"column":33},"end":{"line":18,"column":null}},"5":{"start":{"line":12,"column":12},"end":{"line":17,"column":null}},"6":{"start":{"line":13,"column":30},"end":{"line":13,"column":76}},"7":{"start":{"line":14,"column":16},"end":{"line":14,"column":null}},"8":{"start":{"line":16,"column":16},"end":{"line":16,"column":null}},"9":{"start":{"line":19,"column":79},"end":{"line":34,"column":null}},"10":{"start":{"line":20,"column":12},"end":{"line":33,"column":null}},"11":{"start":{"line":21,"column":29},"end":{"line":21,"column":61}},"12":{"start":{"line":23,"column":16},"end":{"line":30,"column":null}},"13":{"start":{"line":24,"column":20},"end":{"line":27,"column":null}},"14":{"start":{"line":29,"column":20},"end":{"line":29,"column":null}},"15":{"start":{"line":32,"column":16},"end":{"line":32,"column":null}},"16":{"start":{"line":42,"column":12},"end":{"line":61,"column":null}},"17":{"start":{"line":43,"column":12},"end":{"line":60,"column":null}},"18":{"start":{"line":44,"column":16},"end":{"line":46,"column":null}},"19":{"start":{"line":45,"column":20},"end":{"line":45,"column":null}},"20":{"start":{"line":48,"column":34},"end":{"line":48,"column":124}},"21":{"start":{"line":50,"column":16},"end":{"line":52,"column":null}},"22":{"start":{"line":51,"column":20},"end":{"line":51,"column":null}},"23":{"start":{"line":54,"column":29},"end":{"line":54,"column":64}},"24":{"start":{"line":56,"column":16},"end":{"line":56,"column":null}},"25":{"start":{"line":59,"column":16},"end":{"line":59,"column":null}},"26":{"start":{"line":66,"column":0},"end":{"line":66,"column":null}}},"fnMap":{"0":{"name":"(anonymous_14)","decl":{"start":{"line":11,"column":22},"end":{"line":11,"column":31}},"loc":{"start":{"line":11,"column":33},"end":{"line":18,"column":null}}},"1":{"name":"(anonymous_15)","decl":{"start":{"line":11,"column":33},"end":{"line":11,"column":null}},"loc":{"start":{"line":11,"column":33},"end":{"line":18,"column":9}}},"2":{"name":"(anonymous_16)","decl":{"start":{"line":19,"column":18},"end":{"line":19,"column":25}},"loc":{"start":{"line":19,"column":79},"end":{"line":34,"column":null}}},"3":{"name":"(anonymous_17)","decl":{"start":{"line":19,"column":79},"end":{"line":19,"column":null}},"loc":{"start":{"line":19,"column":79},"end":{"line":34,"column":9}}},"4":{"name":"(anonymous_18)","decl":{"start":{"line":37,"column":17},"end":{"line":37,"column":null}},"loc":{"start":{"line":42,"column":12},"end":{"line":61,"column":null}}},"5":{"name":"(anonymous_19)","decl":{"start":{"line":42,"column":12},"end":{"line":42,"column":null}},"loc":{"start":{"line":42,"column":12},"end":{"line":61,"column":9}}}},"branchMap":{"0":{"loc":{"start":{"line":23,"column":16},"end":{"line":30,"column":null}},"type":"if","locations":[{"start":{"line":23,"column":16},"end":{"line":30,"column":null}},{"start":{"line":28,"column":23},"end":{"line":30,"column":null}}]},"1":{"loc":{"start":{"line":44,"column":16},"end":{"line":46,"column":null}},"type":"if","locations":[{"start":{"line":44,"column":16},"end":{"line":46,"column":null}}]},"2":{"loc":{"start":{"line":50,"column":16},"end":{"line":52,"column":null}},"type":"if","locations":[{"start":{"line":50,"column":16},"end":{"line":52,"column":null}}]}},"s":{"0":1,"1":1,"2":1,"3":1,"4":1,"5":1,"6":1,"7":1,"8":0,"9":0,"10":0,"11":0,"12":0,"13":0,"14":0,"15":0,"16":0,"17":0,"18":0,"19":0,"20":0,"21":0,"22":0,"23":0,"24":0,"25":0,"26":1},"f":{"0":1,"1":1,"2":0,"3":0,"4":0,"5":0},"b":{"0":[0,0],"1":[0],"2":[0]}}
,"/Users/sidz/Desktop/Ngich-ngom/graphql-example/test/schema.ts": {"path":"/Users/sidz/Desktop/Ngich-ngom/graphql-example/test/schema.ts","statementMap":{"0":{"start":{"line":1,"column":0},"end":{"line":1,"column":43}},"1":{"start":{"line":3,"column":17},"end":{"line":130,"column":null}},"2":{"start":{"line":132,"column":0},"end":{"line":132,"column":null}}},"fnMap":{},"branchMap":{},"s":{"0":1,"1":1,"2":1},"f":{},"b":{}}
,"/Users/sidz/Desktop/Ngich-ngom/graphql-example/test/serverAuth.ts": {"path":"/Users/sidz/Desktop/Ngich-ngom/graphql-example/test/serverAuth.ts","statementMap":{"0":{"start":{"line":1,"column":0},"end":{"line":1,"column":22}},"1":{"start":{"line":3,"column":0},"end":{"line":3,"column":52}},"2":{"start":{"line":4,"column":0},"end":{"line":4,"column":29}},"3":{"start":{"line":5,"column":0},"end":{"line":5,"column":70}},"4":{"start":{"line":6,"column":0},"end":{"line":6,"column":23}},"5":{"start":{"line":7,"column":0},"end":{"line":7,"column":29}},"6":{"start":{"line":9,"column":0},"end":{"line":9,"column":31}},"7":{"start":{"line":10,"column":0},"end":{"line":10,"column":42}},"8":{"start":{"line":12,"column":12},"end":{"line":12,"column":21}},"9":{"start":{"line":13,"column":19},"end":{"line":13,"column":41}},"10":{"start":{"line":15,"column":19},"end":{"line":26,"column":9}},"11":{"start":{"line":19,"column":31},"end":{"line":25,"column":null}},"12":{"start":{"line":20,"column":6},"end":{"line":24,"column":null}},"13":{"start":{"line":28,"column":0},"end":{"line":28,"column":null}},"14":{"start":{"line":30,"column":0},"end":{"line":30,"column":null}}},"fnMap":{"0":{"name":"(anonymous_8)","decl":{"start":{"line":19,"column":13},"end":{"line":19,"column":20}},"loc":{"start":{"line":19,"column":31},"end":{"line":25,"column":null}}},"1":{"name":"(anonymous_9)","decl":{"start":{"line":19,"column":31},"end":{"line":19,"column":null}},"loc":{"start":{"line":19,"column":31},"end":{"line":25,"column":5}}}},"branchMap":{},"s":{"0":1,"1":1,"2":1,"3":1,"4":1,"5":1,"6":1,"7":1,"8":1,"9":1,"10":1,"11":4,"12":4,"13":1,"14":1},"f":{"0":4,"1":4},"b":{}}
,"/Users/sidz/Desktop/Ngich-ngom/graphql-example/test/serverNoAuth.ts": {"path":"/Users/sidz/Desktop/Ngich-ngom/graphql-example/test/serverNoAuth.ts","statementMap":{"0":{"start":{"line":1,"column":0},"end":{"line":1,"column":22}},"1":{"start":{"line":3,"column":0},"end":{"line":3,"column":52}},"2":{"start":{"line":4,"column":0},"end":{"line":4,"column":29}},"3":{"start":{"line":5,"column":0},"end":{"line":5,"column":70}},"4":{"start":{"line":6,"column":0},"end":{"line":6,"column":23}},"5":{"start":{"line":7,"column":0},"end":{"line":7,"column":29}},"6":{"start":{"line":8,"column":0},"end":{"line":8,"column":41}},"7":{"start":{"line":9,"column":0},"end":{"line":9,"column":31}},"8":{"start":{"line":10,"column":0},"end":{"line":10,"column":42}},"9":{"start":{"line":12,"column":12},"end":{"line":12,"column":21}},"10":{"start":{"line":13,"column":19},"end":{"line":13,"column":41}},"11":{"start":{"line":15,"column":19},"end":{"line":22,"column":9}},"12":{"start":{"line":19,"column":31},"end":{"line":21,"column":null}},"13":{"start":{"line":20,"column":6},"end":{"line":20,"column":39}},"14":{"start":{"line":24,"column":0},"end":{"line":24,"column":null}},"15":{"start":{"line":26,"column":0},"end":{"line":26,"column":null}}},"fnMap":{"0":{"name":"(anonymous_8)","decl":{"start":{"line":19,"column":13},"end":{"line":19,"column":20}},"loc":{"start":{"line":19,"column":31},"end":{"line":21,"column":null}}},"1":{"name":"(anonymous_9)","decl":{"start":{"line":19,"column":31},"end":{"line":19,"column":null}},"loc":{"start":{"line":19,"column":31},"end":{"line":21,"column":5}}}},"branchMap":{},"s":{"0":1,"1":1,"2":1,"3":1,"4":1,"5":1,"6":1,"7":1,"8":1,"9":1,"10":1,"11":1,"12":8,"13":8,"14":1,"15":1},"f":{"0":8,"1":8},"b":{}}
,"/Users/sidz/Desktop/Ngich-ngom/graphql-example/utils/jwt.ts": {"path":"/Users/sidz/Desktop/Ngich-ngom/graphql-example/utils/jwt.ts","statementMap":{"0":{"start":{"line":1,"column":0},"end":{"line":1,"column":35}},"1":{"start":{"line":3,"column":20},"end":{"line":35,"column":null}},"2":{"start":{"line":3,"column":96},"end":{"line":35,"column":null}},"3":{"start":{"line":4,"column":18},"end":{"line":4,"column":72}},"4":{"start":{"line":6,"column":4},"end":{"line":12,"column":null}},"5":{"start":{"line":7,"column":8},"end":{"line":11,"column":null}},"6":{"start":{"line":14,"column":4},"end":{"line":34,"column":null}},"7":{"start":{"line":16,"column":12},"end":{"line":16,"column":61}},"8":{"start":{"line":19,"column":41},"end":{"line":19,"column":48}},"9":{"start":{"line":21,"column":8},"end":{"line":25,"column":null}},"10":{"start":{"line":27,"column":8},"end":{"line":31,"column":null}},"11":{"start":{"line":33,"column":8},"end":{"line":33,"column":null}},"12":{"start":{"line":38,"column":0},"end":{"line":38,"column":null}}},"fnMap":{"0":{"name":"(anonymous_13)","decl":{"start":{"line":3,"column":20},"end":{"line":3,"column":27}},"loc":{"start":{"line":3,"column":96},"end":{"line":35,"column":null}}},"1":{"name":"(anonymous_14)","decl":{"start":{"line":3,"column":96},"end":{"line":3,"column":null}},"loc":{"start":{"line":3,"column":96},"end":{"line":35,"column":1}}}},"branchMap":{"0":{"loc":{"start":{"line":4,"column":18},"end":{"line":4,"column":72}},"type":"binary-expr","locations":[{"start":{"line":4,"column":18},"end":{"line":4,"column":66}},{"start":{"line":4,"column":70},"end":{"line":4,"column":72}}]},"1":{"loc":{"start":{"line":4,"column":18},"end":{"line":4,"column":66}},"type":"cond-expr","locations":[{"start":{"line":4,"column":45},"end":{"line":4,"column":47}},{"start":{"line":4,"column":45},"end":{"line":4,"column":66}}]},"2":{"loc":{"start":{"line":4,"column":18},"end":{"line":4,"column":47}},"type":"binary-expr","locations":[{"start":{"line":4,"column":18},"end":{"line":4,"column":47}},{"start":{"line":4,"column":45},"end":{"line":4,"column":47}}]},"3":{"loc":{"start":{"line":4,"column":18},"end":{"line":4,"column":45}},"type":"cond-expr","locations":[{"start":{"line":4,"column":30},"end":{"line":4,"column":32}},{"start":{"line":4,"column":30},"end":{"line":4,"column":45}}]},"4":{"loc":{"start":{"line":4,"column":18},"end":{"line":4,"column":32}},"type":"binary-expr","locations":[{"start":{"line":4,"column":18},"end":{"line":4,"column":32}},{"start":{"line":4,"column":30},"end":{"line":4,"column":32}}]},"5":{"loc":{"start":{"line":4,"column":18},"end":{"line":4,"column":30}},"type":"cond-expr","locations":[{"start":{"line":4,"column":21},"end":{"line":4,"column":23}},{"start":{"line":4,"column":18},"end":{"line":4,"column":30}}]},"6":{"loc":{"start":{"line":4,"column":18},"end":{"line":4,"column":23}},"type":"binary-expr","locations":[{"start":{"line":4,"column":18},"end":{"line":4,"column":23}},{"start":{"line":4,"column":18},"end":{"line":4,"column":23}}]},"7":{"loc":{"start":{"line":6,"column":4},"end":{"line":12,"column":null}},"type":"if","locations":[{"start":{"line":6,"column":4},"end":{"line":12,"column":null}}]}},"s":{"0":1,"1":1,"2":8,"3":8,"4":8,"5":8,"6":0,"7":0,"8":0,"9":0,"10":0,"11":0,"12":1},"f":{"0":8,"1":8},"b":{"0":[8,8],"1":[8,0],"2":[8,8],"3":[8,0],"4":[8,8],"5":[8,0],"6":[8,8],"7":[8]}}
,"/Users/sidz/Desktop/Ngich-ngom/graphql-example/utils/response.ts": {"path":"/Users/sidz/Desktop/Ngich-ngom/graphql-example/utils/response.ts","statementMap":{"0":{"start":{"line":1,"column":19},"end":{"line":11,"column":null}},"1":{"start":{"line":3,"column":8},"end":{"line":3,"column":null}},"2":{"start":{"line":7,"column":8},"end":{"line":9,"column":null}},"3":{"start":{"line":13,"column":0},"end":{"line":13,"column":null}}},"fnMap":{"0":{"name":"(anonymous_0)","decl":{"start":{"line":2,"column":13},"end":{"line":2,"column":14}},"loc":{"start":{"line":2,"column":27},"end":{"line":4,"column":5}}},"1":{"name":"(anonymous_1)","decl":{"start":{"line":6,"column":11},"end":{"line":6,"column":12}},"loc":{"start":{"line":6,"column":58},"end":{"line":10,"column":5}}}},"branchMap":{},"s":{"0":1,"1":8,"2":4,"3":1},"f":{"0":8,"1":4},"b":{}}
}
