TN:
SF:models/category.ts
FNF:0
FNH:0
DA:1,1
DA:8,1
DA:14,1
LF:3
LH:3
BRF:0
BRH:0
end_of_record
TN:
SF:models/db.ts
FN:3,(anonymous_1)
FN:10,(anonymous_2)
FN:12,(anonymous_3)
FNF:3
FNH:2
FNDA:2,(anonymous_1)
FNDA:2,(anonymous_2)
FNDA:0,(anonymous_3)
DA:1,1
DA:3,1
DA:4,2
DA:6,2
DA:7,0
DA:10,2
DA:11,2
DA:13,0
DA:14,0
DA:15,0
DA:19,1
LF:11
LH:7
BRDA:4,0,0,2
BRDA:4,0,1,0
BRDA:6,1,0,0
BRF:3
BRH:1
end_of_record
TN:
SF:models/news.ts
FNF:0
FNH:0
DA:1,1
DA:13,1
DA:39,1
DA:41,1
DA:59,1
LF:5
LH:5
BRF:0
BRH:0
end_of_record
TN:
SF:models/user.ts
FNF:0
FNH:0
DA:1,1
DA:10,1
DA:18,1
LF:3
LH:3
BRF:0
BRH:0
end_of_record
TN:
SF:resolvers/category.ts
FN:9,(anonymous_8)
FN:9,(anonymous_9)
FN:20,(anonymous_10)
FN:30,(anonymous_11)
FNF:4
FNH:2
FNDA:1,(anonymous_8)
FNDA:1,(anonymous_9)
FNDA:0,(anonymous_10)
FNDA:0,(anonymous_11)
DA:1,1
DA:2,1
DA:7,1
DA:9,1
DA:10,1
DA:11,1
DA:13,1
DA:15,0
DA:30,0
DA:31,0
DA:32,0
DA:33,0
DA:36,0
DA:40,0
DA:42,0
DA:49,1
LF:16
LH:8
BRDA:32,0,0,0
BRDA:32,1,0,0
BRDA:32,1,1,0
BRDA:32,2,0,0
BRDA:32,2,1,0
BRDA:32,3,0,0
BRDA:32,3,1,0
BRF:7
BRH:0
end_of_record
TN:
SF:resolvers/index.ts
FNF:0
FNH:0
DA:1,1
DA:2,1
DA:3,1
DA:5,1
DA:19,1
LF:5
LH:5
BRF:0
BRH:0
end_of_record
TN:
SF:resolvers/news.ts
FN:10,(anonymous_8)
FN:18,(anonymous_9)
FN:49,(anonymous_10)
FN:49,(anonymous_11)
FN:63,(anonymous_12)
FN:63,(anonymous_13)
FN:78,(anonymous_14)
FN:91,(anonymous_15)
FN:110,(anonymous_16)
FN:124,(anonymous_17)
FN:148,(anonymous_18)
FN:153,(anonymous_19)
FNF:12
FNH:12
FNDA:1,(anonymous_8)
FNDA:1,(anonymous_9)
FNDA:1,(anonymous_10)
FNDA:1,(anonymous_11)
FNDA:2,(anonymous_12)
FNDA:2,(anonymous_13)
FNDA:2,(anonymous_14)
FNDA:2,(anonymous_15)
FNDA:2,(anonymous_16)
FNDA:2,(anonymous_17)
FNDA:2,(anonymous_18)
FNDA:2,(anonymous_19)
DA:1,1
DA:2,1
DA:8,1
DA:18,1
DA:19,1
DA:27,1
DA:31,1
DA:32,1
DA:37,1
DA:43,1
DA:45,0
DA:49,1
DA:50,1
DA:51,1
DA:57,1
DA:59,0
DA:63,2
DA:64,2
DA:65,2
DA:66,1
DA:69,1
DA:71,1
DA:73,1
DA:91,2
DA:92,2
DA:93,2
DA:94,1
DA:97,1
DA:103,1
DA:106,1
DA:124,2
DA:125,2
DA:126,2
DA:127,1
DA:130,1
DA:137,1
DA:138,1
DA:140,0
DA:144,1
DA:153,2
DA:154,2
DA:155,2
DA:156,1
DA:159,1
DA:169,1
DA:170,1
DA:172,0
DA:175,1
DA:182,1
LF:49
LH:45
BRDA:31,0,0,1
BRDA:65,1,0,1
BRDA:93,2,0,1
BRDA:126,3,0,1
BRDA:137,4,0,1
BRDA:137,4,1,0
BRDA:155,5,0,1
BRDA:169,6,0,1
BRDA:169,6,1,0
BRF:9
BRH:7
end_of_record
TN:
SF:resolvers/user.ts
FN:11,(anonymous_14)
FN:11,(anonymous_15)
FN:19,(anonymous_16)
FN:19,(anonymous_17)
FN:37,(anonymous_18)
FN:42,(anonymous_19)
FNF:6
FNH:2
FNDA:1,(anonymous_14)
FNDA:1,(anonymous_15)
FNDA:0,(anonymous_16)
FNDA:0,(anonymous_17)
FNDA:0,(anonymous_18)
FNDA:0,(anonymous_19)
DA:1,1
DA:2,1
DA:3,1
DA:9,1
DA:11,1
DA:12,1
DA:13,1
DA:14,1
DA:16,0
DA:19,0
DA:20,0
DA:21,0
DA:23,0
DA:24,0
DA:29,0
DA:32,0
DA:42,0
DA:43,0
DA:44,0
DA:45,0
DA:48,0
DA:50,0
DA:51,0
DA:54,0
DA:56,0
DA:59,0
DA:66,1
LF:27
LH:9
BRDA:23,0,0,0
BRDA:23,0,1,0
BRDA:44,1,0,0
BRDA:50,2,0,0
BRF:4
BRH:0
end_of_record
TN:
SF:test/schema.ts
FNF:0
FNH:0
DA:1,1
DA:3,1
DA:132,1
LF:3
LH:3
BRF:0
BRH:0
end_of_record
TN:
SF:test/serverAuth.ts
FN:19,(anonymous_8)
FN:19,(anonymous_9)
FNF:2
FNH:2
FNDA:4,(anonymous_8)
FNDA:4,(anonymous_9)
DA:1,1
DA:3,1
DA:4,1
DA:5,1
DA:6,1
DA:7,1
DA:9,1
DA:10,1
DA:12,1
DA:13,1
DA:15,1
DA:19,4
DA:20,4
DA:28,1
DA:30,1
LF:15
LH:15
BRF:0
BRH:0
end_of_record
TN:
SF:test/serverNoAuth.ts
FN:19,(anonymous_8)
FN:19,(anonymous_9)
FNF:2
FNH:2
FNDA:8,(anonymous_8)
FNDA:8,(anonymous_9)
DA:1,1
DA:3,1
DA:4,1
DA:5,1
DA:6,1
DA:7,1
DA:8,1
DA:9,1
DA:10,1
DA:12,1
DA:13,1
DA:15,1
DA:19,8
DA:20,8
DA:24,1
DA:26,1
LF:16
LH:16
BRF:0
BRH:0
end_of_record
TN:
SF:utils/jwt.ts
FN:3,(anonymous_13)
FN:3,(anonymous_14)
FNF:2
FNH:2
FNDA:8,(anonymous_13)
FNDA:8,(anonymous_14)
DA:1,1
DA:3,8
DA:4,8
DA:6,8
DA:7,8
DA:14,0
DA:16,0
DA:19,0
DA:21,0
DA:27,0
DA:33,0
DA:38,1
LF:12
LH:6
BRDA:4,0,0,8
BRDA:4,0,1,8
BRDA:4,1,0,8
BRDA:4,1,1,0
BRDA:4,2,0,8
BRDA:4,2,1,8
BRDA:4,3,0,8
BRDA:4,3,1,0
BRDA:4,4,0,8
BRDA:4,4,1,8
BRDA:4,5,0,8
BRDA:4,5,1,0
BRDA:4,6,0,8
BRDA:4,6,1,8
BRDA:6,7,0,8
BRF:15
BRH:12
end_of_record
TN:
SF:utils/response.ts
FN:2,(anonymous_0)
FN:6,(anonymous_1)
FNF:2
FNH:2
FNDA:8,(anonymous_0)
FNDA:4,(anonymous_1)
DA:1,1
DA:3,8
DA:7,4
DA:13,1
LF:4
LH:4
BRF:0
BRH:0
end_of_record
